<html>
<head>
<title>TestNG:  Smoke Test</title>
<link href="../testng.css" rel="stylesheet" type="text/css" />
<link href="../my-testng.css" rel="stylesheet" type="text/css" />

<style type="text/css">
.log { display: none;} 
.stack-trace { display: none;} 
</style>
<script type="text/javascript">
<!--
function flip(e) {
  current = e.style.display;
  if (current == 'block') {
    e.style.display = 'none';
    return 0;
  }
  else {
    e.style.display = 'block';
    return 1;
  }
}

function toggleBox(szDivId, elem, msg1, msg2)
{
  var res = -1;  if (document.getElementById) {
    res = flip(document.getElementById(szDivId));
  }
  else if (document.all) {
    // this is the way old msie versions work
    res = flip(document.all[szDivId]);
  }
  if(elem) {
    if(res == 0) elem.innerHTML = msg1; else elem.innerHTML = msg2;
  }

}

function toggleAllBoxes() {
  if (document.getElementsByTagName) {
    d = document.getElementsByTagName('div');
    for (i = 0; i < d.length; i++) {
      if (d[i].className == 'log') {
        flip(d[i]);
      }
    }
  }
}

// -->
</script>

</head>
<body>
<h2 align='center'>Smoke Test</h2><table border='1' align="center">
<tr>
<td>Tests passed/Failed/Skipped:</td><td>3/1/0</td>
</tr><tr>
<td>Started on:</td><td>Tue Dec 13 12:40:23 GMT 2022</td>
</tr>
<tr><td>Total time:</td><td>80 seconds (80416 ms)</td>
</tr><tr>
<td>Included groups:</td><td>smoke </td>
</tr><tr>
<td>Excluded groups:</td><td></td>
</tr>
</table><p/>
<small><i>(Hover the method name to see the test class name)</i></small><p/>
<table width='100%' border='1' class='invocation-failed'>
<tr><td colspan='4' align='center'><b>FAILED TESTS</b></td></tr>
<tr><td><b>Test method</b></td>
<td width="30%"><b>Exception</b></td>
<td width="10%"><b>Time (seconds)</b></td>
<td><b>Instance</b></td>
</tr>
<tr>
<td title='com.tutorialninja.testsuite.DesktopPageTest.verifyProductAddedToShoppingCartSuccessFully()'><b>verifyProductAddedToShoppingCartSuccessFully</b><br>Test class: com.tutorialninja.testsuite.DesktopPageTest<br/>
<a href="#Output-1260043537" onClick='toggleBox("Output-1260043537", this, "Show output", "Hide output");'>Show output</a>

<a href="#Output-1260043537" onClick="toggleAllBoxes();">Show all outputs</a>
<div class='log' id="Output-1260043537">
Mouse Hover On Desktop[[ChromeDriver: chrome on WINDOWS (50969407ec023c353b546fafaca7bf3d)] -> link text: Desktops]<br/>
click On Show All Desktop[[ChromeDriver: chrome on WINDOWS (50969407ec023c353b546fafaca7bf3d)] -> link text: Show All Desktops]<br/>
Sort Name (A - Z) By Position NameAtoZ[[ChromeDriver: chrome on WINDOWS (50969407ec023c353b546fafaca7bf3d)] -> xpath: //select[@id='input-sort']]<br/>
Click On Product HPLP3065[[ChromeDriver: chrome on WINDOWS (50969407ec023c353b546fafaca7bf3d)] -> link text: HP LP3065]<br/>
Get HPLP3065Text From List[[ChromeDriver: chrome on WINDOWS (50969407ec023c353b546fafaca7bf3d)] -> xpath: //h1[contains(text(),'HP LP3065')]]<br/>
Select Delivery Date<br/>
enter Quantity1[[ChromeDriver: chrome on WINDOWS (50969407ec023c353b546fafaca7bf3d)] -> xpath: //input[@id='input-quantity']]<br/>
Click On Add To Cart[[ChromeDriver: chrome on WINDOWS (50969407ec023c353b546fafaca7bf3d)] -> xpath: //button[@id='button-cart']]<br/>
verifyProductAddedToShoppingCartTextProxy element for: DefaultElementLocator 'By.xpath: //div[@class='alert alert-success alert-dismissible']'<br/>
Click to see screenshot<br/>
<a target = "_blank" href=C:\Users\palak\IdeaProjects\project-6-tutorialninja-wk-15-pfm-palakd/test-output/html/verifyProductAddedToShoppingCartSuccessFullyTue_Dec_13_12_41_28_GMT_2022.jpg>Screenshot</a><br/>
<br><br/>
Click to see screenshot<br/>
<a target = "_blank" href=C:\Users\palak\IdeaProjects\project-6-tutorialninja-wk-15-pfm-palakd/test-output/html/verifyProductAddedToShoppingCartSuccessFullyTue_Dec_13_12_41_28_GMT_2022.jpg>Screenshot</a><br/>
<br><br/>
</div>
</td>
<td><div><pre>org.openqa.selenium.NoSuchElementException: no such element: Unable to locate element: {&quot;method&quot;:&quot;xpath&quot;,&quot;selector&quot;:&quot;//div[@class=&apos;alert alert-success alert-dismissible&apos;]&quot;}
  (Session info: chrome=108.0.5359.99)
For documentation on this error, please visit: https://selenium.dev/exceptions/#no_such_element
Build info: version: &apos;4.6.0&apos;, revision: &apos;79f1c02ae20&apos;
System info: os.name: &apos;Windows 10&apos;, os.arch: &apos;amd64&apos;, os.version: &apos;10.0&apos;, java.version: &apos;1.8.0_121&apos;
Driver info: org.openqa.selenium.chrome.ChromeDriver
Command: [50969407ec023c353b546fafaca7bf3d, findElement {using=xpath, value=//div[@class=&apos;alert alert-success alert-dismissible&apos;]}]
Capabilities {acceptInsecureCerts: false, browserName: chrome, browserVersion: 108.0.5359.99, chrome: {chromedriverVersion: 108.0.5359.71 (1e0e3868ee06..., userDataDir: C:\Users\palak\AppData\Loca...}, goog:chromeOptions: {debuggerAddress: localhost:57149}, networkConnectionEnabled: false, pageLoadStrategy: normal, platformName: WINDOWS, proxy: Proxy(), se:cdp: ws://localhost:57149/devtoo..., se:cdpVersion: 108.0.5359.99, setWindowRect: true, strictFileInteractability: false, timeouts: {implicit: 0, pageLoad: 300000, script: 30000}, unhandledPromptBehavior: dismiss and notify, webauthn:extension:credBlob: true, webauthn:extension:largeBlob: true, webauthn:virtualAuthenticators: true}
Session ID: 50969407ec023c353b546fafaca7bf3d
	at org.openqa.selenium.remote.codec.w3c.W3CHttpResponseCodec.createException(W3CHttpResponseCodec.java:200)
	at org.openqa.selenium.remote.codec.w3c.W3CHttpResponseCodec.decode(W3CHttpResponseCodec.java:133)
	at org.openqa.selenium.remote.codec.w3c.W3CHttpResponseCodec.decode(W3CHttpResponseCodec.java:53)
	at org.openqa.selenium.remote.HttpCommandExecutor.execute(HttpCommandExecutor.java:184)
	at org.openqa.selenium.remote.service.DriverCommandExecutor.invokeExecute(DriverCommandExecutor.java:167)
	at org.openqa.selenium.remote.service.DriverCommandExecutor.execute(DriverCommandExecutor.java:142)
	at org.openqa.selenium.remote.RemoteWebDriver.execute(RemoteWebDriver.java:541)
	at org.openqa.selenium.remote.ElementLocation$ElementFinder$2.findElement(ElementLocation.java:162)
	at org.openqa.selenium.remote.ElementLocation.findElement(ElementLocation.java:60)
	at org.openqa.selenium.remote.RemoteWebDriver.findElement(RemoteWebDriver.java:365)
	at org.openqa.selenium.remote.RemoteWebDriver.findElement(RemoteWebDriver.java:357)
	at org.openqa.selenium.support.pagefactory.DefaultElementLocator.findElement(DefaultElementLocator.java:70)
	at org.openqa.selenium.support.pagefactory.internal.LocatingElementHandler.invoke(LocatingElementHandler.java:39)
	at com.sun.proxy.$Proxy16.getText(Unknown Source)
	at com.tutorialninja.utility.Utility.getTextFromElement(Utility.java:62)
	at com.tutorialninja.pages.DesktopPage.verifyProductAddedToShoppingCartText(DesktopPage.java:207)
	at com.tutorialninja.testsuite.DesktopPageTest.verifyProductAddedToShoppingCartSuccessFully(DesktopPageTest.java:45)
	at java.util.ArrayList.forEach(ArrayList.java:1249)
	at com.intellij.rt.testng.IDEARemoteTestNG.run(IDEARemoteTestNG.java:66)
	at com.intellij.rt.testng.RemoteTestNGStarter.main(RemoteTestNGStarter.java:109)
... Removed 28 stack frames</pre></div><a href='#' onClick='toggleBox("stack-trace1260043537", this, "Click to show all stack frames", "Click to hide stack frames")'>Click to show all stack frames</a>
<div class='stack-trace' id='stack-trace1260043537'><pre>org.openqa.selenium.NoSuchElementException: no such element: Unable to locate element: {&quot;method&quot;:&quot;xpath&quot;,&quot;selector&quot;:&quot;//div[@class=&apos;alert alert-success alert-dismissible&apos;]&quot;}
  (Session info: chrome=108.0.5359.99)
For documentation on this error, please visit: https://selenium.dev/exceptions/#no_such_element
Build info: version: &apos;4.6.0&apos;, revision: &apos;79f1c02ae20&apos;
System info: os.name: &apos;Windows 10&apos;, os.arch: &apos;amd64&apos;, os.version: &apos;10.0&apos;, java.version: &apos;1.8.0_121&apos;
Driver info: org.openqa.selenium.chrome.ChromeDriver
Command: [50969407ec023c353b546fafaca7bf3d, findElement {using=xpath, value=//div[@class=&apos;alert alert-success alert-dismissible&apos;]}]
Capabilities {acceptInsecureCerts: false, browserName: chrome, browserVersion: 108.0.5359.99, chrome: {chromedriverVersion: 108.0.5359.71 (1e0e3868ee06..., userDataDir: C:\Users\palak\AppData\Loca...}, goog:chromeOptions: {debuggerAddress: localhost:57149}, networkConnectionEnabled: false, pageLoadStrategy: normal, platformName: WINDOWS, proxy: Proxy(), se:cdp: ws://localhost:57149/devtoo..., se:cdpVersion: 108.0.5359.99, setWindowRect: true, strictFileInteractability: false, timeouts: {implicit: 0, pageLoad: 300000, script: 30000}, unhandledPromptBehavior: dismiss and notify, webauthn:extension:credBlob: true, webauthn:extension:largeBlob: true, webauthn:virtualAuthenticators: true}
Session ID: 50969407ec023c353b546fafaca7bf3d
	at sun.reflect.NativeConstructorAccessorImpl.newInstance0(Native Method)
	at sun.reflect.NativeConstructorAccessorImpl.newInstance(NativeConstructorAccessorImpl.java:62)
	at sun.reflect.DelegatingConstructorAccessorImpl.newInstance(DelegatingConstructorAccessorImpl.java:45)
	at java.lang.reflect.Constructor.newInstance(Constructor.java:423)
	at org.openqa.selenium.remote.codec.w3c.W3CHttpResponseCodec.createException(W3CHttpResponseCodec.java:200)
	at org.openqa.selenium.remote.codec.w3c.W3CHttpResponseCodec.decode(W3CHttpResponseCodec.java:133)
	at org.openqa.selenium.remote.codec.w3c.W3CHttpResponseCodec.decode(W3CHttpResponseCodec.java:53)
	at org.openqa.selenium.remote.HttpCommandExecutor.execute(HttpCommandExecutor.java:184)
	at org.openqa.selenium.remote.service.DriverCommandExecutor.invokeExecute(DriverCommandExecutor.java:167)
	at org.openqa.selenium.remote.service.DriverCommandExecutor.execute(DriverCommandExecutor.java:142)
	at org.openqa.selenium.remote.RemoteWebDriver.execute(RemoteWebDriver.java:541)
	at org.openqa.selenium.remote.ElementLocation$ElementFinder$2.findElement(ElementLocation.java:162)
	at org.openqa.selenium.remote.ElementLocation.findElement(ElementLocation.java:60)
	at org.openqa.selenium.remote.RemoteWebDriver.findElement(RemoteWebDriver.java:365)
	at org.openqa.selenium.remote.RemoteWebDriver.findElement(RemoteWebDriver.java:357)
	at org.openqa.selenium.support.pagefactory.DefaultElementLocator.findElement(DefaultElementLocator.java:70)
	at org.openqa.selenium.support.pagefactory.internal.LocatingElementHandler.invoke(LocatingElementHandler.java:39)
	at com.sun.proxy.$Proxy16.getText(Unknown Source)
	at com.tutorialninja.utility.Utility.getTextFromElement(Utility.java:62)
	at com.tutorialninja.pages.DesktopPage.verifyProductAddedToShoppingCartText(DesktopPage.java:207)
	at com.tutorialninja.testsuite.DesktopPageTest.verifyProductAddedToShoppingCartSuccessFully(DesktopPageTest.java:45)
	at sun.reflect.NativeMethodAccessorImpl.invoke0(Native Method)
	at sun.reflect.NativeMethodAccessorImpl.invoke(NativeMethodAccessorImpl.java:62)
	at sun.reflect.DelegatingMethodAccessorImpl.invoke(DelegatingMethodAccessorImpl.java:43)
	at java.lang.reflect.Method.invoke(Method.java:498)
	at org.testng.internal.invokers.MethodInvocationHelper.invokeMethod(MethodInvocationHelper.java:135)
	at org.testng.internal.invokers.TestInvoker.invokeMethod(TestInvoker.java:673)
	at org.testng.internal.invokers.TestInvoker.invokeTestMethod(TestInvoker.java:220)
	at org.testng.internal.invokers.MethodRunner.runInSequence(MethodRunner.java:50)
	at org.testng.internal.invokers.TestInvoker$MethodInvocationAgent.invoke(TestInvoker.java:945)
	at org.testng.internal.invokers.TestInvoker.invokeTestMethods(TestInvoker.java:193)
	at org.testng.internal.invokers.TestMethodWorker.invokeTestMethods(TestMethodWorker.java:146)
	at org.testng.internal.invokers.TestMethodWorker.run(TestMethodWorker.java:128)
	at java.util.ArrayList.forEach(ArrayList.java:1249)
	at org.testng.TestRunner.privateRun(TestRunner.java:808)
	at org.testng.TestRunner.run(TestRunner.java:603)
	at org.testng.SuiteRunner.runTest(SuiteRunner.java:429)
	at org.testng.SuiteRunner.runSequentially(SuiteRunner.java:423)
	at org.testng.SuiteRunner.privateRun(SuiteRunner.java:383)
	at org.testng.SuiteRunner.run(SuiteRunner.java:326)
	at org.testng.SuiteRunnerWorker.runSuite(SuiteRunnerWorker.java:52)
	at org.testng.SuiteRunnerWorker.run(SuiteRunnerWorker.java:95)
	at org.testng.TestNG.runSuitesSequentially(TestNG.java:1249)
	at org.testng.TestNG.runSuitesLocally(TestNG.java:1169)
	at org.testng.TestNG.runSuites(TestNG.java:1092)
	at org.testng.TestNG.run(TestNG.java:1060)
	at com.intellij.rt.testng.IDEARemoteTestNG.run(IDEARemoteTestNG.java:66)
	at com.intellij.rt.testng.RemoteTestNGStarter.main(RemoteTestNGStarter.java:109)
</pre></div></td>
<td>53</td>
<td>com.tutorialninja.testsuite.DesktopPageTest@1d8d30f7</td></tr>
</table><p>
<table width='100%' border='1' class='invocation-passed'>
<tr><td colspan='4' align='center'><b>PASSED TESTS</b></td></tr>
<tr><td><b>Test method</b></td>
<td width="30%"><b>Exception</b></td>
<td width="10%"><b>Time (seconds)</b></td>
<td><b>Instance</b></td>
</tr>
<tr>
<td title='com.tutorialninja.testsuite.MyAccountPageTest.verifyUserShouldNavigateToLoginPageSuccessfully()'><b>verifyUserShouldNavigateToLoginPageSuccessfully</b><br>Test class: com.tutorialninja.testsuite.MyAccountPageTest<br/>
<a href="#Output-246264949" onClick='toggleBox("Output-246264949", this, "Show output", "Hide output");'>Show output</a>

<a href="#Output-246264949" onClick="toggleAllBoxes();">Show all outputs</a>
<div class='log' id="Output-246264949">
click On MyAccount Link [[ChromeDriver: chrome on WINDOWS (3580e253eaffda393d5ac199cee994b7)] -> xpath: //span[contains(text(),'My Account')]]<br/>
getReturningCustomerMessage[[ChromeDriver: chrome on WINDOWS (3580e253eaffda393d5ac199cee994b7)] -> xpath: //h2[contains(text(),'Returning Customer')]]<br/>
</div>
</td>
<td></td>
<td>0</td>
<td>com.tutorialninja.testsuite.MyAccountPageTest@458c1321</td></tr>
<tr>
<td title='com.tutorialninja.testsuite.LaptopsAndNotebooksPageTest.verifyThatUserPlaceOrderSuccessfully()'><b>verifyThatUserPlaceOrderSuccessfully</b><br>Test class: com.tutorialninja.testsuite.LaptopsAndNotebooksPageTest<br/>
<a href="#Output-1950158148" onClick='toggleBox("Output-1950158148", this, "Show output", "Hide output");'>Show output</a>

<a href="#Output-1950158148" onClick="toggleAllBoxes();">Show all outputs</a>
<div class='log' id="Output-1950158148">
MouseHover On LaptopsAndDesktopTab[[ChromeDriver: chrome on WINDOWS (d0acaf99c7b14f0192066dcea82e373c)] -> link text: Laptops & Notebooks]<br/>
clickOnShowAllLaptopsAndNotebooks[[ChromeDriver: chrome on WINDOWS (d0acaf99c7b14f0192066dcea82e373c)] -> xpath: //a[contains(text(),'Show All Laptops & Notebooks')]]<br/>
Sort By PriceHighToLow[[ChromeDriver: chrome on WINDOWS (d0acaf99c7b14f0192066dcea82e373c)] -> xpath: //select[@id='input-sort']]<br/>
Click On MacBookTab[[ChromeDriver: chrome on WINDOWS (d0acaf99c7b14f0192066dcea82e373c)] -> link text: MacBook]<br/>
Click On AddToCartButton[[ChromeDriver: chrome on WINDOWS (d0acaf99c7b14f0192066dcea82e373c)] -> xpath: //button[@id='button-cart']]<br/>
Get SuccessText From Link[[ChromeDriver: chrome on WINDOWS (d0acaf99c7b14f0192066dcea82e373c)] -> xpath: //div[@class='alert alert-success alert-dismissible']]<br/>
Click On ShoppingCart[[ChromeDriver: chrome on WINDOWS (d0acaf99c7b14f0192066dcea82e373c)] -> xpath: //span[contains(text(),'Shopping Cart')]]<br/>
get ShoppingCart Message[[ChromeDriver: chrome on WINDOWS (d0acaf99c7b14f0192066dcea82e373c)] -> xpath: //a[contains(text(),'Shopping Cart')]]<br/>
Get VerifyProduct Macbook[[ChromeDriver: chrome on WINDOWS (d0acaf99c7b14f0192066dcea82e373c)] -> link text: MacBook]<br/>
Click On UpdateCart[[ChromeDriver: chrome on WINDOWS (d0acaf99c7b14f0192066dcea82e373c)] -> xpath: //button[contains(@data-original-title, 'Update')]]<br/>
getSuccessModifiedCartMessage[[ChromeDriver: chrome on WINDOWS (d0acaf99c7b14f0192066dcea82e373c)] -> xpath: //div[@id='checkout-cart']/div[1]]<br/>
Get VerifyTotal[[ChromeDriver: chrome on WINDOWS (d0acaf99c7b14f0192066dcea82e373c)] -> xpath: //tbody/tr[1]/td[6]]<br/>
Click On CheckoutButton[[ChromeDriver: chrome on WINDOWS (d0acaf99c7b14f0192066dcea82e373c)] -> xpath: //a[contains(text(),'Checkout')]]<br/>
Get Checkout Text[[ChromeDriver: chrome on WINDOWS (d0acaf99c7b14f0192066dcea82e373c)] -> xpath: //h1[contains(text(),'Checkout')]]<br/>
Get NewCustomer Text[[ChromeDriver: chrome on WINDOWS (d0acaf99c7b14f0192066dcea82e373c)] -> xpath: //div[@class='col-sm-6']//h2]<br/>
Click On GuestCheckoutRadioButton[[ChromeDriver: chrome on WINDOWS (d0acaf99c7b14f0192066dcea82e373c)] -> xpath: //input[@name='account' and @value='guest']]<br/>
Click On ContinueTab[[ChromeDriver: chrome on WINDOWS (d0acaf99c7b14f0192066dcea82e373c)] -> xpath: //input[@id='button-account']]<br/>
Enter Name Devani in firstname field[[ChromeDriver: chrome on WINDOWS (d0acaf99c7b14f0192066dcea82e373c)] -> name: firstname]<br/>
Enter LastName Carli in lastname field [[ChromeDriver: chrome on WINDOWS (d0acaf99c7b14f0192066dcea82e373c)] -> name: lastname]<br/>
Enter Email  devc123zgg@gmail.com to email field[[ChromeDriver: chrome on WINDOWS (d0acaf99c7b14f0192066dcea82e373c)] -> id: input-payment-email]<br/>
Enter Telephone 1234567890 in telephone field 1234567890<br/>
enter Address[[ChromeDriver: chrome on WINDOWS (d0acaf99c7b14f0192066dcea82e373c)] -> name: address_1]<br/>
Enter City [[ChromeDriver: chrome on WINDOWS (d0acaf99c7b14f0192066dcea82e373c)] -> name: city]<br/>
Enter Postcode[[ChromeDriver: chrome on WINDOWS (d0acaf99c7b14f0192066dcea82e373c)] -> name: postcode]<br/>
enter Country[[ChromeDriver: chrome on WINDOWS (d0acaf99c7b14f0192066dcea82e373c)] -> id: input-payment-country]<br/>
enter Zone[[ChromeDriver: chrome on WINDOWS (d0acaf99c7b14f0192066dcea82e373c)] -> xpath: //select[@id='input-payment-zone']]<br/>
clickOnContinueButton[[ChromeDriver: chrome on WINDOWS (d0acaf99c7b14f0192066dcea82e373c)] -> xpath: //input[@id='button-guest']]<br/>
enterTextToTextArea[[ChromeDriver: chrome on WINDOWS (d0acaf99c7b14f0192066dcea82e373c)] -> xpath: //textarea[@name='comment']]<br/>
clickOnTermsAndConditionsCheckbox[[ChromeDriver: chrome on WINDOWS (d0acaf99c7b14f0192066dcea82e373c)] -> xpath: //input[@name='agree']]<br/>
clickOnFinalContinueButton[[ChromeDriver: chrome on WINDOWS (d0acaf99c7b14f0192066dcea82e373c)] -> xpath: //input[@id='button-payment-method']]<br/>
getWarningPaymentMethodRequiredText[[ChromeDriver: chrome on WINDOWS (d0acaf99c7b14f0192066dcea82e373c)] -> xpath: //div[@class='alert alert-danger alert-dismissible']]<br/>
</div>
</td>
<td></td>
<td>10</td>
<td>com.tutorialninja.testsuite.LaptopsAndNotebooksPageTest@9a7504c</td></tr>
<tr>
<td title='com.tutorialninja.testsuite.TopMenuPageTest.verifyUserShouldNavigateToLaptopsAndNotebooksPageSuccessfully()'><b>verifyUserShouldNavigateToLaptopsAndNotebooksPageSuccessfully</b><br>Test class: com.tutorialninja.testsuite.TopMenuPageTest<br/>
<a href="#Output-959834536" onClick='toggleBox("Output-959834536", this, "Show output", "Hide output");'>Show output</a>

<a href="#Output-959834536" onClick="toggleAllBoxes();">Show all outputs</a>
<div class='log' id="Output-959834536">
mouseHoverOnLaptopsAndNotebooksTab[[ChromeDriver: chrome on WINDOWS (d6c4984bd3c712689d46c9f6b9c16bb2)] -> link text: Laptops & Notebooks]<br/>
Select menu [[ChromeDriver: chrome on WINDOWS (d6c4984bd3c712689d46c9f6b9c16bb2)] -> xpath: //nav[@id='menu']//ul/li[contains(@class, 'open')]/div/child::*]<br/>
getLaptopsAndNotebooksText[[ChromeDriver: chrome on WINDOWS (d6c4984bd3c712689d46c9f6b9c16bb2)] -> xpath: //h2[contains(text(),'Laptops & Notebooks')]]<br/>
</div>
</td>
<td></td>
<td>0</td>
<td>com.tutorialninja.testsuite.TopMenuPageTest@32d2fa64</td></tr>
</table><p>
</body>
</html>