<html>
<head>
<title>TestNG:  Regression Test</title>
<link href="../testng.css" rel="stylesheet" type="text/css" />
<link href="../my-testng.css" rel="stylesheet" type="text/css" />

<style type="text/css">
.log { display: none;} 
.stack-trace { display: none;} 
</style>
<script type="text/javascript">
<!--
function flip(e) {
  current = e.style.display;
  if (current == 'block') {
    e.style.display = 'none';
    return 0;
  }
  else {
    e.style.display = 'block';
    return 1;
  }
}

function toggleBox(szDivId, elem, msg1, msg2)
{
  var res = -1;  if (document.getElementById) {
    res = flip(document.getElementById(szDivId));
  }
  else if (document.all) {
    // this is the way old msie versions work
    res = flip(document.all[szDivId]);
  }
  if(elem) {
    if(res == 0) elem.innerHTML = msg1; else elem.innerHTML = msg2;
  }

}

function toggleAllBoxes() {
  if (document.getElementsByTagName) {
    d = document.getElementsByTagName('div');
    for (i = 0; i < d.length; i++) {
      if (d[i].className == 'log') {
        flip(d[i]);
      }
    }
  }
}

// -->
</script>

</head>
<body>
<h2 align='center'>Regression Test</h2><table border='1' align="center">
<tr>
<td>Tests passed/Failed/Skipped:</td><td>9/2/0</td>
</tr><tr>
<td>Started on:</td><td>Tue Dec 13 12:34:06 GMT 2022</td>
</tr>
<tr><td>Total time:</td><td>193 seconds (193651 ms)</td>
</tr><tr>
<td>Included groups:</td><td>regression </td>
</tr><tr>
<td>Excluded groups:</td><td></td>
</tr>
</table><p/>
<small><i>(Hover the method name to see the test class name)</i></small><p/>
<table width='100%' border='1' class='invocation-failed'>
<tr><td colspan='4' align='center'><b>FAILED TESTS</b></td></tr>
<tr><td><b>Test method</b></td>
<td width="30%"><b>Exception</b></td>
<td width="10%"><b>Time (seconds)</b></td>
<td><b>Instance</b></td>
</tr>
<tr>
<td title='com.tutorialninja.testsuite.MyAccountPageTest.verifyThatUserShouldLoginAndLogoutSuccessfully()'><b>verifyThatUserShouldLoginAndLogoutSuccessfully</b><br>Test class: com.tutorialninja.testsuite.MyAccountPageTest<br/>
<a href="#Output-205810452" onClick='toggleBox("Output-205810452", this, "Show output", "Hide output");'>Show output</a>

<a href="#Output-205810452" onClick="toggleAllBoxes();">Show all outputs</a>
<div class='log' id="Output-205810452">
click On MyAccount Link [[ChromeDriver: chrome on WINDOWS (5bcc99d160ac757276169f38adb2df5e)] -> xpath: //span[contains(text(),'My Account')]]<br/>
Enter devc1238ci@gmail.com EmailId[[ChromeDriver: chrome on WINDOWS (5bcc99d160ac757276169f38adb2df5e)] -> id: input-email]<br/>
Enter Password Devc123 in password field[[ChromeDriver: chrome on WINDOWS (5bcc99d160ac757276169f38adb2df5e)] -> id: input-password]<br/>
clickOnLogin[[ChromeDriver: chrome on WINDOWS (5bcc99d160ac757276169f38adb2df5e)] -> xpath: //form[contains(@action,'login')]//input[@type='submit']]<br/>
clickOnMyAccountTab[[ChromeDriver: chrome on WINDOWS (5bcc99d160ac757276169f38adb2df5e)] -> xpath: //span[contains(text(),'My Account')]]<br/>
getAccountLogoutMessageProxy element for: DefaultElementLocator 'By.xpath: //h1[contains(text(),'Account Logout')]'<br/>
Click to see screenshot<br/>
<a target = "_blank" href=C:\Users\palak\IdeaProjects\project-6-tutorialninja-wk-15-pfm-palakd/test-output/html/verifyThatUserShouldLoginAndLogoutSuccessfullyTue_Dec_13_12_35_17_GMT_2022.jpg>Screenshot</a><br/>
<br><br/>
Click to see screenshot<br/>
<a target = "_blank" href=C:\Users\palak\IdeaProjects\project-6-tutorialninja-wk-15-pfm-palakd/test-output/html/verifyThatUserShouldLoginAndLogoutSuccessfullyTue_Dec_13_12_35_18_GMT_2022.jpg>Screenshot</a><br/>
<br><br/>
</div>
</td>
<td><div><pre>org.openqa.selenium.NoSuchElementException: no such element: Unable to locate element: {&quot;method&quot;:&quot;xpath&quot;,&quot;selector&quot;:&quot;//h1[contains(text(),&apos;Account Logout&apos;)]&quot;}
  (Session info: chrome=108.0.5359.99)
For documentation on this error, please visit: https://selenium.dev/exceptions/#no_such_element
Build info: version: &apos;4.6.0&apos;, revision: &apos;79f1c02ae20&apos;
System info: os.name: &apos;Windows 10&apos;, os.arch: &apos;amd64&apos;, os.version: &apos;10.0&apos;, java.version: &apos;1.8.0_121&apos;
Driver info: org.openqa.selenium.chrome.ChromeDriver
Command: [5bcc99d160ac757276169f38adb2df5e, findElement {using=xpath, value=//h1[contains(text(),&apos;Account Logout&apos;)]}]
Capabilities {acceptInsecureCerts: false, browserName: chrome, browserVersion: 108.0.5359.99, chrome: {chromedriverVersion: 108.0.5359.71 (1e0e3868ee06..., userDataDir: C:\Users\palak\AppData\Loca...}, goog:chromeOptions: {debuggerAddress: localhost:56605}, networkConnectionEnabled: false, pageLoadStrategy: normal, platformName: WINDOWS, proxy: Proxy(), se:cdp: ws://localhost:56605/devtoo..., se:cdpVersion: 108.0.5359.99, setWindowRect: true, strictFileInteractability: false, timeouts: {implicit: 0, pageLoad: 300000, script: 30000}, unhandledPromptBehavior: dismiss and notify, webauthn:extension:credBlob: true, webauthn:extension:largeBlob: true, webauthn:virtualAuthenticators: true}
Session ID: 5bcc99d160ac757276169f38adb2df5e
	at org.openqa.selenium.remote.codec.w3c.W3CHttpResponseCodec.createException(W3CHttpResponseCodec.java:200)
	at org.openqa.selenium.remote.codec.w3c.W3CHttpResponseCodec.decode(W3CHttpResponseCodec.java:133)
	at org.openqa.selenium.remote.codec.w3c.W3CHttpResponseCodec.decode(W3CHttpResponseCodec.java:53)
	at org.openqa.selenium.remote.HttpCommandExecutor.execute(HttpCommandExecutor.java:184)
	at org.openqa.selenium.remote.service.DriverCommandExecutor.invokeExecute(DriverCommandExecutor.java:167)
	at org.openqa.selenium.remote.service.DriverCommandExecutor.execute(DriverCommandExecutor.java:142)
	at org.openqa.selenium.remote.RemoteWebDriver.execute(RemoteWebDriver.java:541)
	at org.openqa.selenium.remote.ElementLocation$ElementFinder$2.findElement(ElementLocation.java:162)
	at org.openqa.selenium.remote.ElementLocation.findElement(ElementLocation.java:60)
	at org.openqa.selenium.remote.RemoteWebDriver.findElement(RemoteWebDriver.java:365)
	at org.openqa.selenium.remote.RemoteWebDriver.findElement(RemoteWebDriver.java:357)
	at org.openqa.selenium.support.pagefactory.DefaultElementLocator.findElement(DefaultElementLocator.java:70)
	at org.openqa.selenium.support.pagefactory.internal.LocatingElementHandler.invoke(LocatingElementHandler.java:39)
	at com.sun.proxy.$Proxy16.getText(Unknown Source)
	at com.tutorialninja.utility.Utility.getTextFromElement(Utility.java:62)
	at com.tutorialninja.pages.MyAccountPage.getAccountLogoutMessage(MyAccountPage.java:180)
	at com.tutorialninja.testsuite.MyAccountPageTest.verifyThatUserShouldLoginAndLogoutSuccessfully(MyAccountPageTest.java:66)
	at java.util.ArrayList.forEach(ArrayList.java:1249)
	at com.intellij.rt.testng.IDEARemoteTestNG.run(IDEARemoteTestNG.java:66)
	at com.intellij.rt.testng.RemoteTestNGStarter.main(RemoteTestNGStarter.java:109)
... Removed 28 stack frames</pre></div><a href='#' onClick='toggleBox("stack-trace205810452", this, "Click to show all stack frames", "Click to hide stack frames")'>Click to show all stack frames</a>
<div class='stack-trace' id='stack-trace205810452'><pre>org.openqa.selenium.NoSuchElementException: no such element: Unable to locate element: {&quot;method&quot;:&quot;xpath&quot;,&quot;selector&quot;:&quot;//h1[contains(text(),&apos;Account Logout&apos;)]&quot;}
  (Session info: chrome=108.0.5359.99)
For documentation on this error, please visit: https://selenium.dev/exceptions/#no_such_element
Build info: version: &apos;4.6.0&apos;, revision: &apos;79f1c02ae20&apos;
System info: os.name: &apos;Windows 10&apos;, os.arch: &apos;amd64&apos;, os.version: &apos;10.0&apos;, java.version: &apos;1.8.0_121&apos;
Driver info: org.openqa.selenium.chrome.ChromeDriver
Command: [5bcc99d160ac757276169f38adb2df5e, findElement {using=xpath, value=//h1[contains(text(),&apos;Account Logout&apos;)]}]
Capabilities {acceptInsecureCerts: false, browserName: chrome, browserVersion: 108.0.5359.99, chrome: {chromedriverVersion: 108.0.5359.71 (1e0e3868ee06..., userDataDir: C:\Users\palak\AppData\Loca...}, goog:chromeOptions: {debuggerAddress: localhost:56605}, networkConnectionEnabled: false, pageLoadStrategy: normal, platformName: WINDOWS, proxy: Proxy(), se:cdp: ws://localhost:56605/devtoo..., se:cdpVersion: 108.0.5359.99, setWindowRect: true, strictFileInteractability: false, timeouts: {implicit: 0, pageLoad: 300000, script: 30000}, unhandledPromptBehavior: dismiss and notify, webauthn:extension:credBlob: true, webauthn:extension:largeBlob: true, webauthn:virtualAuthenticators: true}
Session ID: 5bcc99d160ac757276169f38adb2df5e
	at sun.reflect.NativeConstructorAccessorImpl.newInstance0(Native Method)
	at sun.reflect.NativeConstructorAccessorImpl.newInstance(NativeConstructorAccessorImpl.java:62)
	at sun.reflect.DelegatingConstructorAccessorImpl.newInstance(DelegatingConstructorAccessorImpl.java:45)
	at java.lang.reflect.Constructor.newInstance(Constructor.java:423)
	at org.openqa.selenium.remote.codec.w3c.W3CHttpResponseCodec.createException(W3CHttpResponseCodec.java:200)
	at org.openqa.selenium.remote.codec.w3c.W3CHttpResponseCodec.decode(W3CHttpResponseCodec.java:133)
	at org.openqa.selenium.remote.codec.w3c.W3CHttpResponseCodec.decode(W3CHttpResponseCodec.java:53)
	at org.openqa.selenium.remote.HttpCommandExecutor.execute(HttpCommandExecutor.java:184)
	at org.openqa.selenium.remote.service.DriverCommandExecutor.invokeExecute(DriverCommandExecutor.java:167)
	at org.openqa.selenium.remote.service.DriverCommandExecutor.execute(DriverCommandExecutor.java:142)
	at org.openqa.selenium.remote.RemoteWebDriver.execute(RemoteWebDriver.java:541)
	at org.openqa.selenium.remote.ElementLocation$ElementFinder$2.findElement(ElementLocation.java:162)
	at org.openqa.selenium.remote.ElementLocation.findElement(ElementLocation.java:60)
	at org.openqa.selenium.remote.RemoteWebDriver.findElement(RemoteWebDriver.java:365)
	at org.openqa.selenium.remote.RemoteWebDriver.findElement(RemoteWebDriver.java:357)
	at org.openqa.selenium.support.pagefactory.DefaultElementLocator.findElement(DefaultElementLocator.java:70)
	at org.openqa.selenium.support.pagefactory.internal.LocatingElementHandler.invoke(LocatingElementHandler.java:39)
	at com.sun.proxy.$Proxy16.getText(Unknown Source)
	at com.tutorialninja.utility.Utility.getTextFromElement(Utility.java:62)
	at com.tutorialninja.pages.MyAccountPage.getAccountLogoutMessage(MyAccountPage.java:180)
	at com.tutorialninja.testsuite.MyAccountPageTest.verifyThatUserShouldLoginAndLogoutSuccessfully(MyAccountPageTest.java:66)
	at sun.reflect.NativeMethodAccessorImpl.invoke0(Native Method)
	at sun.reflect.NativeMethodAccessorImpl.invoke(NativeMethodAccessorImpl.java:62)
	at sun.reflect.DelegatingMethodAccessorImpl.invoke(DelegatingMethodAccessorImpl.java:43)
	at java.lang.reflect.Method.invoke(Method.java:498)
	at org.testng.internal.invokers.MethodInvocationHelper.invokeMethod(MethodInvocationHelper.java:135)
	at org.testng.internal.invokers.TestInvoker.invokeMethod(TestInvoker.java:673)
	at org.testng.internal.invokers.TestInvoker.invokeTestMethod(TestInvoker.java:220)
	at org.testng.internal.invokers.MethodRunner.runInSequence(MethodRunner.java:50)
	at org.testng.internal.invokers.TestInvoker$MethodInvocationAgent.invoke(TestInvoker.java:945)
	at org.testng.internal.invokers.TestInvoker.invokeTestMethods(TestInvoker.java:193)
	at org.testng.internal.invokers.TestMethodWorker.invokeTestMethods(TestMethodWorker.java:146)
	at org.testng.internal.invokers.TestMethodWorker.run(TestMethodWorker.java:128)
	at java.util.ArrayList.forEach(ArrayList.java:1249)
	at org.testng.TestRunner.privateRun(TestRunner.java:808)
	at org.testng.TestRunner.run(TestRunner.java:603)
	at org.testng.SuiteRunner.runTest(SuiteRunner.java:429)
	at org.testng.SuiteRunner.runSequentially(SuiteRunner.java:423)
	at org.testng.SuiteRunner.privateRun(SuiteRunner.java:383)
	at org.testng.SuiteRunner.run(SuiteRunner.java:326)
	at org.testng.SuiteRunnerWorker.runSuite(SuiteRunnerWorker.java:52)
	at org.testng.SuiteRunnerWorker.run(SuiteRunnerWorker.java:95)
	at org.testng.TestNG.runSuitesSequentially(TestNG.java:1249)
	at org.testng.TestNG.runSuitesLocally(TestNG.java:1169)
	at org.testng.TestNG.runSuites(TestNG.java:1092)
	at org.testng.TestNG.run(TestNG.java:1060)
	at com.intellij.rt.testng.IDEARemoteTestNG.run(IDEARemoteTestNG.java:66)
	at com.intellij.rt.testng.RemoteTestNGStarter.main(RemoteTestNGStarter.java:109)
</pre></div></td>
<td>40</td>
<td>com.tutorialninja.testsuite.MyAccountPageTest@5c072e3f</td></tr>
<tr>
<td title='com.tutorialninja.testsuite.LaptopsAndNotebooksPageTest.verifyThatUserPlaceOrderSuccessfully()'><b>verifyThatUserPlaceOrderSuccessfully</b><br>Test class: com.tutorialninja.testsuite.LaptopsAndNotebooksPageTest<br/>
<a href="#Output-827539121" onClick='toggleBox("Output-827539121", this, "Show output", "Hide output");'>Show output</a>

<a href="#Output-827539121" onClick="toggleAllBoxes();">Show all outputs</a>
<div class='log' id="Output-827539121">
MouseHover On LaptopsAndDesktopTab[[ChromeDriver: chrome on WINDOWS (49fa747ee912ffade72326ec3754a722)] -> link text: Laptops & Notebooks]<br/>
clickOnShowAllLaptopsAndNotebooks[[ChromeDriver: chrome on WINDOWS (49fa747ee912ffade72326ec3754a722)] -> xpath: //a[contains(text(),'Show All Laptops & Notebooks')]]<br/>
Sort By PriceHighToLow[[ChromeDriver: chrome on WINDOWS (49fa747ee912ffade72326ec3754a722)] -> xpath: //select[@id='input-sort']]<br/>
Click On MacBookTab[[ChromeDriver: chrome on WINDOWS (49fa747ee912ffade72326ec3754a722)] -> link text: MacBook]<br/>
Click On AddToCartButton[[ChromeDriver: chrome on WINDOWS (49fa747ee912ffade72326ec3754a722)] -> xpath: //button[@id='button-cart']]<br/>
Get SuccessText From Link[[ChromeDriver: chrome on WINDOWS (49fa747ee912ffade72326ec3754a722)] -> xpath: //div[@class='alert alert-success alert-dismissible']]<br/>
Click On ShoppingCart[[ChromeDriver: chrome on WINDOWS (49fa747ee912ffade72326ec3754a722)] -> xpath: //span[contains(text(),'Shopping Cart')]]<br/>
get ShoppingCart MessageProxy element for: DefaultElementLocator 'By.xpath: //a[contains(text(),'Shopping Cart')]'<br/>
Click to see screenshot<br/>
<a target = "_blank" href=C:\Users\palak\IdeaProjects\project-6-tutorialninja-wk-15-pfm-palakd/test-output/html/verifyThatUserPlaceOrderSuccessfullyTue_Dec_13_12_37_18_GMT_2022.jpg>Screenshot</a><br/>
<br><br/>
Click to see screenshot<br/>
<a target = "_blank" href=C:\Users\palak\IdeaProjects\project-6-tutorialninja-wk-15-pfm-palakd/test-output/html/verifyThatUserPlaceOrderSuccessfullyTue_Dec_13_12_37_19_GMT_2022.jpg>Screenshot</a><br/>
<br><br/>
</div>
</td>
<td><div><pre>org.openqa.selenium.NoSuchElementException: no such element: Unable to locate element: {&quot;method&quot;:&quot;xpath&quot;,&quot;selector&quot;:&quot;//a[contains(text(),&apos;Shopping Cart&apos;)]&quot;}
  (Session info: chrome=108.0.5359.99)
For documentation on this error, please visit: https://selenium.dev/exceptions/#no_such_element
Build info: version: &apos;4.6.0&apos;, revision: &apos;79f1c02ae20&apos;
System info: os.name: &apos;Windows 10&apos;, os.arch: &apos;amd64&apos;, os.version: &apos;10.0&apos;, java.version: &apos;1.8.0_121&apos;
Driver info: org.openqa.selenium.chrome.ChromeDriver
Command: [49fa747ee912ffade72326ec3754a722, findElement {using=xpath, value=//a[contains(text(),&apos;Shopping Cart&apos;)]}]
Capabilities {acceptInsecureCerts: false, browserName: chrome, browserVersion: 108.0.5359.99, chrome: {chromedriverVersion: 108.0.5359.71 (1e0e3868ee06..., userDataDir: C:\Users\palak\AppData\Loca...}, goog:chromeOptions: {debuggerAddress: localhost:56842}, networkConnectionEnabled: false, pageLoadStrategy: normal, platformName: WINDOWS, proxy: Proxy(), se:cdp: ws://localhost:56842/devtoo..., se:cdpVersion: 108.0.5359.99, setWindowRect: true, strictFileInteractability: false, timeouts: {implicit: 0, pageLoad: 300000, script: 30000}, unhandledPromptBehavior: dismiss and notify, webauthn:extension:credBlob: true, webauthn:extension:largeBlob: true, webauthn:virtualAuthenticators: true}
Session ID: 49fa747ee912ffade72326ec3754a722
	at org.openqa.selenium.remote.codec.w3c.W3CHttpResponseCodec.createException(W3CHttpResponseCodec.java:200)
	at org.openqa.selenium.remote.codec.w3c.W3CHttpResponseCodec.decode(W3CHttpResponseCodec.java:133)
	at org.openqa.selenium.remote.codec.w3c.W3CHttpResponseCodec.decode(W3CHttpResponseCodec.java:53)
	at org.openqa.selenium.remote.HttpCommandExecutor.execute(HttpCommandExecutor.java:184)
	at org.openqa.selenium.remote.service.DriverCommandExecutor.invokeExecute(DriverCommandExecutor.java:167)
	at org.openqa.selenium.remote.service.DriverCommandExecutor.execute(DriverCommandExecutor.java:142)
	at org.openqa.selenium.remote.RemoteWebDriver.execute(RemoteWebDriver.java:541)
	at org.openqa.selenium.remote.ElementLocation$ElementFinder$2.findElement(ElementLocation.java:162)
	at org.openqa.selenium.remote.ElementLocation.findElement(ElementLocation.java:60)
	at org.openqa.selenium.remote.RemoteWebDriver.findElement(RemoteWebDriver.java:365)
	at org.openqa.selenium.remote.RemoteWebDriver.findElement(RemoteWebDriver.java:357)
	at org.openqa.selenium.support.pagefactory.DefaultElementLocator.findElement(DefaultElementLocator.java:70)
	at org.openqa.selenium.support.pagefactory.internal.LocatingElementHandler.invoke(LocatingElementHandler.java:39)
	at com.sun.proxy.$Proxy16.getText(Unknown Source)
	at com.tutorialninja.utility.Utility.getTextFromElement(Utility.java:62)
	at com.tutorialninja.pages.LaptopsAndNotebooksPage.getShoppingCartMessage(LaptopsAndNotebooksPage.java:240)
	at com.tutorialninja.testsuite.LaptopsAndNotebooksPageTest.verifyThatUserPlaceOrderSuccessfully(LaptopsAndNotebooksPageTest.java:47)
	at java.util.ArrayList.forEach(ArrayList.java:1249)
	at com.intellij.rt.testng.IDEARemoteTestNG.run(IDEARemoteTestNG.java:66)
	at com.intellij.rt.testng.RemoteTestNGStarter.main(RemoteTestNGStarter.java:109)
... Removed 28 stack frames</pre></div><a href='#' onClick='toggleBox("stack-trace827539121", this, "Click to show all stack frames", "Click to hide stack frames")'>Click to show all stack frames</a>
<div class='stack-trace' id='stack-trace827539121'><pre>org.openqa.selenium.NoSuchElementException: no such element: Unable to locate element: {&quot;method&quot;:&quot;xpath&quot;,&quot;selector&quot;:&quot;//a[contains(text(),&apos;Shopping Cart&apos;)]&quot;}
  (Session info: chrome=108.0.5359.99)
For documentation on this error, please visit: https://selenium.dev/exceptions/#no_such_element
Build info: version: &apos;4.6.0&apos;, revision: &apos;79f1c02ae20&apos;
System info: os.name: &apos;Windows 10&apos;, os.arch: &apos;amd64&apos;, os.version: &apos;10.0&apos;, java.version: &apos;1.8.0_121&apos;
Driver info: org.openqa.selenium.chrome.ChromeDriver
Command: [49fa747ee912ffade72326ec3754a722, findElement {using=xpath, value=//a[contains(text(),&apos;Shopping Cart&apos;)]}]
Capabilities {acceptInsecureCerts: false, browserName: chrome, browserVersion: 108.0.5359.99, chrome: {chromedriverVersion: 108.0.5359.71 (1e0e3868ee06..., userDataDir: C:\Users\palak\AppData\Loca...}, goog:chromeOptions: {debuggerAddress: localhost:56842}, networkConnectionEnabled: false, pageLoadStrategy: normal, platformName: WINDOWS, proxy: Proxy(), se:cdp: ws://localhost:56842/devtoo..., se:cdpVersion: 108.0.5359.99, setWindowRect: true, strictFileInteractability: false, timeouts: {implicit: 0, pageLoad: 300000, script: 30000}, unhandledPromptBehavior: dismiss and notify, webauthn:extension:credBlob: true, webauthn:extension:largeBlob: true, webauthn:virtualAuthenticators: true}
Session ID: 49fa747ee912ffade72326ec3754a722
	at sun.reflect.NativeConstructorAccessorImpl.newInstance0(Native Method)
	at sun.reflect.NativeConstructorAccessorImpl.newInstance(NativeConstructorAccessorImpl.java:62)
	at sun.reflect.DelegatingConstructorAccessorImpl.newInstance(DelegatingConstructorAccessorImpl.java:45)
	at java.lang.reflect.Constructor.newInstance(Constructor.java:423)
	at org.openqa.selenium.remote.codec.w3c.W3CHttpResponseCodec.createException(W3CHttpResponseCodec.java:200)
	at org.openqa.selenium.remote.codec.w3c.W3CHttpResponseCodec.decode(W3CHttpResponseCodec.java:133)
	at org.openqa.selenium.remote.codec.w3c.W3CHttpResponseCodec.decode(W3CHttpResponseCodec.java:53)
	at org.openqa.selenium.remote.HttpCommandExecutor.execute(HttpCommandExecutor.java:184)
	at org.openqa.selenium.remote.service.DriverCommandExecutor.invokeExecute(DriverCommandExecutor.java:167)
	at org.openqa.selenium.remote.service.DriverCommandExecutor.execute(DriverCommandExecutor.java:142)
	at org.openqa.selenium.remote.RemoteWebDriver.execute(RemoteWebDriver.java:541)
	at org.openqa.selenium.remote.ElementLocation$ElementFinder$2.findElement(ElementLocation.java:162)
	at org.openqa.selenium.remote.ElementLocation.findElement(ElementLocation.java:60)
	at org.openqa.selenium.remote.RemoteWebDriver.findElement(RemoteWebDriver.java:365)
	at org.openqa.selenium.remote.RemoteWebDriver.findElement(RemoteWebDriver.java:357)
	at org.openqa.selenium.support.pagefactory.DefaultElementLocator.findElement(DefaultElementLocator.java:70)
	at org.openqa.selenium.support.pagefactory.internal.LocatingElementHandler.invoke(LocatingElementHandler.java:39)
	at com.sun.proxy.$Proxy16.getText(Unknown Source)
	at com.tutorialninja.utility.Utility.getTextFromElement(Utility.java:62)
	at com.tutorialninja.pages.LaptopsAndNotebooksPage.getShoppingCartMessage(LaptopsAndNotebooksPage.java:240)
	at com.tutorialninja.testsuite.LaptopsAndNotebooksPageTest.verifyThatUserPlaceOrderSuccessfully(LaptopsAndNotebooksPageTest.java:47)
	at sun.reflect.NativeMethodAccessorImpl.invoke0(Native Method)
	at sun.reflect.NativeMethodAccessorImpl.invoke(NativeMethodAccessorImpl.java:62)
	at sun.reflect.DelegatingMethodAccessorImpl.invoke(DelegatingMethodAccessorImpl.java:43)
	at java.lang.reflect.Method.invoke(Method.java:498)
	at org.testng.internal.invokers.MethodInvocationHelper.invokeMethod(MethodInvocationHelper.java:135)
	at org.testng.internal.invokers.TestInvoker.invokeMethod(TestInvoker.java:673)
	at org.testng.internal.invokers.TestInvoker.invokeTestMethod(TestInvoker.java:220)
	at org.testng.internal.invokers.MethodRunner.runInSequence(MethodRunner.java:50)
	at org.testng.internal.invokers.TestInvoker$MethodInvocationAgent.invoke(TestInvoker.java:945)
	at org.testng.internal.invokers.TestInvoker.invokeTestMethods(TestInvoker.java:193)
	at org.testng.internal.invokers.TestMethodWorker.invokeTestMethods(TestMethodWorker.java:146)
	at org.testng.internal.invokers.TestMethodWorker.run(TestMethodWorker.java:128)
	at java.util.ArrayList.forEach(ArrayList.java:1249)
	at org.testng.TestRunner.privateRun(TestRunner.java:808)
	at org.testng.TestRunner.run(TestRunner.java:603)
	at org.testng.SuiteRunner.runTest(SuiteRunner.java:429)
	at org.testng.SuiteRunner.runSequentially(SuiteRunner.java:423)
	at org.testng.SuiteRunner.privateRun(SuiteRunner.java:383)
	at org.testng.SuiteRunner.run(SuiteRunner.java:326)
	at org.testng.SuiteRunnerWorker.runSuite(SuiteRunnerWorker.java:52)
	at org.testng.SuiteRunnerWorker.run(SuiteRunnerWorker.java:95)
	at org.testng.TestNG.runSuitesSequentially(TestNG.java:1249)
	at org.testng.TestNG.runSuitesLocally(TestNG.java:1169)
	at org.testng.TestNG.runSuites(TestNG.java:1092)
	at org.testng.TestNG.run(TestNG.java:1060)
	at com.intellij.rt.testng.IDEARemoteTestNG.run(IDEARemoteTestNG.java:66)
	at com.intellij.rt.testng.RemoteTestNGStarter.main(RemoteTestNGStarter.java:109)
</pre></div></td>
<td>46</td>
<td>com.tutorialninja.testsuite.LaptopsAndNotebooksPageTest@1da51a35</td></tr>
</table><p>
<table width='100%' border='1' class='invocation-passed'>
<tr><td colspan='4' align='center'><b>PASSED TESTS</b></td></tr>
<tr><td><b>Test method</b></td>
<td width="30%"><b>Exception</b></td>
<td width="10%"><b>Time (seconds)</b></td>
<td><b>Instance</b></td>
</tr>
<tr>
<td title='com.tutorialninja.testsuite.TopMenuPageTest.verifyUserShouldNavigateToLaptopsAndNotebooksPageSuccessfully()'><b>verifyUserShouldNavigateToLaptopsAndNotebooksPageSuccessfully</b><br>Test class: com.tutorialninja.testsuite.TopMenuPageTest<br/>
<a href="#Output-2130520253" onClick='toggleBox("Output-2130520253", this, "Show output", "Hide output");'>Show output</a>

<a href="#Output-2130520253" onClick="toggleAllBoxes();">Show all outputs</a>
<div class='log' id="Output-2130520253">
mouseHoverOnLaptopsAndNotebooksTab[[ChromeDriver: chrome on WINDOWS (1140a00534ab0fbed377b15c8e41a534)] -> link text: Laptops & Notebooks]<br/>
Select menu [[ChromeDriver: chrome on WINDOWS (1140a00534ab0fbed377b15c8e41a534)] -> xpath: //nav[@id='menu']//ul/li[contains(@class, 'open')]/div/child::*]<br/>
getLaptopsAndNotebooksText[[ChromeDriver: chrome on WINDOWS (1140a00534ab0fbed377b15c8e41a534)] -> xpath: //h2[contains(text(),'Laptops & Notebooks')]]<br/>
</div>
</td>
<td></td>
<td>0</td>
<td>com.tutorialninja.testsuite.TopMenuPageTest@4ae82894</td></tr>
<tr>
<td title='com.tutorialninja.testsuite.TopMenuPageTest.verifyUserShouldNavigateToDesktopsPageSuccessfully()'><b>verifyUserShouldNavigateToDesktopsPageSuccessfully</b><br>Test class: com.tutorialninja.testsuite.TopMenuPageTest<br/>
<a href="#Output-315748820" onClick='toggleBox("Output-315748820", this, "Show output", "Hide output");'>Show output</a>

<a href="#Output-315748820" onClick="toggleAllBoxes();">Show all outputs</a>
<div class='log' id="Output-315748820">
 Mousehover and Click on desktop [[ChromeDriver: chrome on WINDOWS (e2019568cd833341e9e1338efc8264cf)] -> link text: Desktops]<br/>
Select menu [[ChromeDriver: chrome on WINDOWS (e2019568cd833341e9e1338efc8264cf)] -> xpath: //nav[@id='menu']//ul/li[contains(@class, 'open')]/div/child::*]<br/>
get Text Desktop[[ChromeDriver: chrome on WINDOWS (e2019568cd833341e9e1338efc8264cf)] -> xpath: //h2[contains(text(),'Desktops')]]<br/>
</div>
</td>
<td></td>
<td>0</td>
<td>com.tutorialninja.testsuite.TopMenuPageTest@4ae82894</td></tr>
<tr>
<td title='com.tutorialninja.testsuite.DesktopPageTest.verifyProductsPriceDisplayHighToLowSuccessfully()'><b>verifyProductsPriceDisplayHighToLowSuccessfully</b><br>Test class: com.tutorialninja.testsuite.DesktopPageTest<br/>
<a href="#Output-623668443" onClick='toggleBox("Output-623668443", this, "Show output", "Hide output");'>Show output</a>

<a href="#Output-623668443" onClick="toggleAllBoxes();">Show all outputs</a>
<div class='log' id="Output-623668443">
Mouse Hover On Desktop[[ChromeDriver: chrome on WINDOWS (c9a7fddd4b96b6f29ac8e4196bb0dbed)] -> link text: Desktops]<br/>
click On Show All Desktop[[ChromeDriver: chrome on WINDOWS (c9a7fddd4b96b6f29ac8e4196bb0dbed)] -> link text: Show All Desktops]<br/>
Sort Name (Z - A) By Position NameZtoA[[ChromeDriver: chrome on WINDOWS (c9a7fddd4b96b6f29ac8e4196bb0dbed)] -> xpath: //select[@id='input-sort']]<br/>
</div>
</td>
<td></td>
<td>2</td>
<td>com.tutorialninja.testsuite.DesktopPageTest@543788f3</td></tr>
<tr>
<td title='com.tutorialninja.testsuite.DesktopPageTest.verifyProductAddedToShoppingCartSuccessFully()'><b>verifyProductAddedToShoppingCartSuccessFully</b><br>Test class: com.tutorialninja.testsuite.DesktopPageTest<br/>
<a href="#Output-21331934" onClick='toggleBox("Output-21331934", this, "Show output", "Hide output");'>Show output</a>

<a href="#Output-21331934" onClick="toggleAllBoxes();">Show all outputs</a>
<div class='log' id="Output-21331934">
Mouse Hover On Desktop[[ChromeDriver: chrome on WINDOWS (e78f1f24fa6a00fab7c6f1fb72e72b65)] -> link text: Desktops]<br/>
click On Show All Desktop[[ChromeDriver: chrome on WINDOWS (e78f1f24fa6a00fab7c6f1fb72e72b65)] -> link text: Show All Desktops]<br/>
Sort Name (A - Z) By Position NameAtoZ[[ChromeDriver: chrome on WINDOWS (e78f1f24fa6a00fab7c6f1fb72e72b65)] -> xpath: //select[@id='input-sort']]<br/>
Click On Product HPLP3065[[ChromeDriver: chrome on WINDOWS (e78f1f24fa6a00fab7c6f1fb72e72b65)] -> link text: HP LP3065]<br/>
Get HPLP3065Text From List[[ChromeDriver: chrome on WINDOWS (e78f1f24fa6a00fab7c6f1fb72e72b65)] -> xpath: //h1[contains(text(),'HP LP3065')]]<br/>
Select Delivery Date<br/>
enter Quantity1[[ChromeDriver: chrome on WINDOWS (e78f1f24fa6a00fab7c6f1fb72e72b65)] -> xpath: //input[@id='input-quantity']]<br/>
Click On Add To Cart[[ChromeDriver: chrome on WINDOWS (e78f1f24fa6a00fab7c6f1fb72e72b65)] -> xpath: //button[@id='button-cart']]<br/>
verifyProductAddedToShoppingCartText[[ChromeDriver: chrome on WINDOWS (e78f1f24fa6a00fab7c6f1fb72e72b65)] -> xpath: //div[@class='alert alert-success alert-dismissible']]<br/>
clickOnShoppingCart[[ChromeDriver: chrome on WINDOWS (e78f1f24fa6a00fab7c6f1fb72e72b65)] -> xpath: //span[contains(text(),'Shopping Cart')]]<br/>
Verify Text ShoppingCart[[ChromeDriver: chrome on WINDOWS (e78f1f24fa6a00fab7c6f1fb72e72b65)] -> xpath: //div[@id='content']//h1]<br/>
VerifyTextProductNameHPLP3065[[ChromeDriver: chrome on WINDOWS (e78f1f24fa6a00fab7c6f1fb72e72b65)] -> link text: HP LP3065]<br/>
verifyDeliveryDate[[ChromeDriver: chrome on WINDOWS (e78f1f24fa6a00fab7c6f1fb72e72b65)] -> xpath: //div[@class = 'table-responsive']/table/tbody/tr/td[2]/small[1]]<br/>
Verify TheModelProduct21 Text[[ChromeDriver: chrome on WINDOWS (e78f1f24fa6a00fab7c6f1fb72e72b65)] -> xpath: //td[contains(text(),'Product 21')]]<br/>
verifyTheTotalPriceText[[ChromeDriver: chrome on WINDOWS (e78f1f24fa6a00fab7c6f1fb72e72b65)] -> xpath: //div[@class = 'table-responsive']/table/tbody/tr/td[6]]<br/>
</div>
</td>
<td></td>
<td>17</td>
<td>com.tutorialninja.testsuite.DesktopPageTest@543788f3</td></tr>
<tr>
<td title='com.tutorialninja.testsuite.MyAccountPageTest.verifyUserShouldNavigateToRegisterPageSuccessfully()'><b>verifyUserShouldNavigateToRegisterPageSuccessfully</b><br>Test class: com.tutorialninja.testsuite.MyAccountPageTest<br/>
<a href="#Output-81505591" onClick='toggleBox("Output-81505591", this, "Show output", "Hide output");'>Show output</a>

<a href="#Output-81505591" onClick="toggleAllBoxes();">Show all outputs</a>
<div class='log' id="Output-81505591">
click On MyAccount Link [[ChromeDriver: chrome on WINDOWS (0a019f093330040928b1d72cb8a5ef87)] -> xpath: //span[contains(text(),'My Account')]]<br/>
getRegisterAccountMessage[[ChromeDriver: chrome on WINDOWS (0a019f093330040928b1d72cb8a5ef87)] -> xpath: //h1[contains(text(),'Register Account')]]<br/>
</div>
</td>
<td></td>
<td>20</td>
<td>com.tutorialninja.testsuite.MyAccountPageTest@5c072e3f</td></tr>
<tr>
<td title='com.tutorialninja.testsuite.LaptopsAndNotebooksPageTest.verifyProductsPriceDisplayHighToLowSuccessfully()'><b>verifyProductsPriceDisplayHighToLowSuccessfully</b><br>Test class: com.tutorialninja.testsuite.LaptopsAndNotebooksPageTest<br/>
<a href="#Output-620688706" onClick='toggleBox("Output-620688706", this, "Show output", "Hide output");'>Show output</a>

<a href="#Output-620688706" onClick="toggleAllBoxes();">Show all outputs</a>
<div class='log' id="Output-620688706">
MouseHover On LaptopsAndDesktopTab[[ChromeDriver: chrome on WINDOWS (8394193b172e41d2ba7fed17ffafedf4)] -> link text: Laptops & Notebooks]<br/>
clickOnShowAllLaptopsAndNotebooks[[ChromeDriver: chrome on WINDOWS (8394193b172e41d2ba7fed17ffafedf4)] -> xpath: //a[contains(text(),'Show All Laptops & Notebooks')]]<br/>
Sort By PriceHighToLow[[ChromeDriver: chrome on WINDOWS (8394193b172e41d2ba7fed17ffafedf4)] -> xpath: //select[@id='input-sort']]<br/>
</div>
</td>
<td></td>
<td>1</td>
<td>com.tutorialninja.testsuite.LaptopsAndNotebooksPageTest@1da51a35</td></tr>
<tr>
<td title='com.tutorialninja.testsuite.MyAccountPageTest.verifyUserShouldNavigateToLoginPageSuccessfully()'><b>verifyUserShouldNavigateToLoginPageSuccessfully</b><br>Test class: com.tutorialninja.testsuite.MyAccountPageTest<br/>
<a href="#Output-440295203" onClick='toggleBox("Output-440295203", this, "Show output", "Hide output");'>Show output</a>

<a href="#Output-440295203" onClick="toggleAllBoxes();">Show all outputs</a>
<div class='log' id="Output-440295203">
click On MyAccount Link [[ChromeDriver: chrome on WINDOWS (fd45888d8f7563ae407a9ca261c92ff3)] -> xpath: //span[contains(text(),'My Account')]]<br/>
getReturningCustomerMessage[[ChromeDriver: chrome on WINDOWS (fd45888d8f7563ae407a9ca261c92ff3)] -> xpath: //h2[contains(text(),'Returning Customer')]]<br/>
</div>
</td>
<td></td>
<td>0</td>
<td>com.tutorialninja.testsuite.MyAccountPageTest@5c072e3f</td></tr>
<tr>
<td title='com.tutorialninja.testsuite.MyAccountPageTest.verifyThatUserRegisterAccountSuccessfully()'><b>verifyThatUserRegisterAccountSuccessfully</b><br>Test class: com.tutorialninja.testsuite.MyAccountPageTest<br/>
<a href="#Output-1604616170" onClick='toggleBox("Output-1604616170", this, "Show output", "Hide output");'>Show output</a>

<a href="#Output-1604616170" onClick="toggleAllBoxes();">Show all outputs</a>
<div class='log' id="Output-1604616170">
click On MyAccount Link [[ChromeDriver: chrome on WINDOWS (d121c5245d61c939542b5ebd0e726031)] -> xpath: //span[contains(text(),'My Account')]]<br/>
Enter First Name Devani in field[[ChromeDriver: chrome on WINDOWS (d121c5245d61c939542b5ebd0e726031)] -> id: input-firstname]<br/>
Enter First Name Carli in field[[ChromeDriver: chrome on WINDOWS (d121c5245d61c939542b5ebd0e726031)] -> id: input-lastname]<br/>
Enter devC1238im@gmail.com EmailId[[ChromeDriver: chrome on WINDOWS (d121c5245d61c939542b5ebd0e726031)] -> id: input-email]<br/>
Enter 1234567890Phone Number[[ChromeDriver: chrome on WINDOWS (d121c5245d61c939542b5ebd0e726031)] -> id: input-telephone]<br/>
Enter Password Devc123 in password field[[ChromeDriver: chrome on WINDOWS (d121c5245d61c939542b5ebd0e726031)] -> id: input-password]<br/>
enter ConfirmPassword [[ChromeDriver: chrome on WINDOWS (d121c5245d61c939542b5ebd0e726031)] -> id: input-confirm]<br/>
clickSubscribeOnYesRadioButton [[ChromeDriver: chrome on WINDOWS (d121c5245d61c939542b5ebd0e726031)] -> xpath: //input[@name='newsletter']]<br/>
clickOnPrivacyPolicyCheckBox[[ChromeDriver: chrome on WINDOWS (d121c5245d61c939542b5ebd0e726031)] -> xpath: //div[@class = 'buttons']//input[@name='agree']]<br/>
clickOnContinue1[[ChromeDriver: chrome on WINDOWS (d121c5245d61c939542b5ebd0e726031)] -> xpath: //div[@class = 'buttons']//input[@value='Continue']]<br/>
getAccountCreatedMessage[[ChromeDriver: chrome on WINDOWS (d121c5245d61c939542b5ebd0e726031)] -> xpath: //h1[contains(text(),'Your Account Has Been Created!')]]<br/>
clickOnContinueButton2[[ChromeDriver: chrome on WINDOWS (d121c5245d61c939542b5ebd0e726031)] -> xpath: //a[contains(text(),'Continue')]]<br/>
clickOnMyAccountTab[[ChromeDriver: chrome on WINDOWS (d121c5245d61c939542b5ebd0e726031)] -> xpath: //span[contains(text(),'My Account')]]<br/>
getAccountLogoutMessage[[ChromeDriver: chrome on WINDOWS (d121c5245d61c939542b5ebd0e726031)] -> xpath: //h1[contains(text(),'Account Logout')]]<br/>
click On Continue Button3[[ChromeDriver: chrome on WINDOWS (d121c5245d61c939542b5ebd0e726031)] -> xpath: //a[contains(text(),'Continue')]]<br/>
</div>
</td>
<td></td>
<td>22</td>
<td>com.tutorialninja.testsuite.MyAccountPageTest@5c072e3f</td></tr>
<tr>
<td title='com.tutorialninja.testsuite.TopMenuPageTest.verifyUserShouldNavigateToComponentsPageSuccessfully()'><b>verifyUserShouldNavigateToComponentsPageSuccessfully</b><br>Test class: com.tutorialninja.testsuite.TopMenuPageTest<br/>
<a href="#Output-524606891" onClick='toggleBox("Output-524606891", this, "Show output", "Hide output");'>Show output</a>

<a href="#Output-524606891" onClick="toggleAllBoxes();">Show all outputs</a>
<div class='log' id="Output-524606891">
mouseHoverToComponentsTab[[ChromeDriver: chrome on WINDOWS (06f3c6a6a4d55f9e28211d6ff9dcd1fb)] -> link text: Components]<br/>
Select menu [[ChromeDriver: chrome on WINDOWS (06f3c6a6a4d55f9e28211d6ff9dcd1fb)] -> xpath: //nav[@id='menu']//ul/li[contains(@class, 'open')]/div/child::*]<br/>
getComponentsText[[ChromeDriver: chrome on WINDOWS (06f3c6a6a4d55f9e28211d6ff9dcd1fb)] -> xpath: //h2[contains(text(),'Components')]]<br/>
</div>
</td>
<td></td>
<td>0</td>
<td>com.tutorialninja.testsuite.TopMenuPageTest@4ae82894</td></tr>
</table><p>
</body>
</html>